生成启动时间为 2014/5/30 19:14:53。
     1>项目“I:\CrossApp_\CocosDenshion\proj.win32\CocosDenshion.vcxproj”在节点 2 上(Build 个目标)。
     1>ClCompile:
         C:\Program Files (x86)\Microsoft Visual Studio 12.0\VC\bin\CL.exe /c /I"C:\Program Files (x86)\Microsoft SDKs\Windows\v7.1A\include" /I..\Include /II:\CrossApp_\CocosDenshion\proj.win32\..\..\cocos2dx /II:\CrossApp_\CocosDenshion\proj.win32\..\..\cocos2dx\include /II:\CrossApp_\CocosDenshion\proj.win32\..\..\cocos2dx\kazmath\include /II:\CrossApp_\CocosDenshion\proj.win32\..\..\cocos2dx\platform\win32 /II:\CrossApp_\CocosDenshion\proj.win32\..\..\cocos2dx\platform\third_party\win32\OGLES /ZI /nologo /W3 /WX- /Od /Oy- /D WIN32 /D _DEBUG /D _WINDOWS /D _USRDLL /D COCOSDENSHIONWIN32_EXPORTS /D _EXPORT_DLL_ /D _USING_V110_SDK71_ /D _WINDLL /Gm /EHsc /RTC1 /MDd /GS /fp:precise /Zc:wchar_t /Zc:forScope /Fo"Debug.win32\\" /Fd"Debug.win32\vc120.pdb" /Gd /TP /wd4251 /analyze- /errorReport:prompt ..\win32\MciPlayer.cpp ..\win32\SimpleAudioEngine.cpp
         SimpleAudioEngine.cpp
     1>i:\crossapp_\cocos2dx\sprite_nodes\caview.h : warning C4819: 该文件包含不能在当前代码页(936)中表示的字符。请将该文件保存为 Unicode 格式以防止数据丢失
     1>i:\crossapp_\cocos2dx\ui_controller\caviewcontroller.h : warning C4819: 该文件包含不能在当前代码页(936)中表示的字符。请将该文件保存为 Unicode 格式以防止数据丢失
     1>i:\crossapp_\cocos2dx\misc_nodes\ccmotionstreak.h(50): warning C4584: “cocos2d::CCMotionStreak”: 基类“cocos2d::CCTextureProtocol”已是“cocos2d::CAView”的基类
                 i:\crossapp_\cocos2dx\include\ccprotocols.h(166) : 参见“cocos2d::CCTextureProtocol”的声明
                 i:\crossapp_\cocos2dx\sprite_nodes\caview.h(60) : 参见“cocos2d::CAView”的声明
         MciPlayer.cpp
         正在生成代码...
       Link:
         C:\Program Files (x86)\Microsoft Visual Studio 12.0\VC\bin\link.exe /ERRORREPORT:PROMPT /OUT:"I:\CrossApp_\samples\multi-platform-cpp\proj.win32\Debug.win32\libCocosDenshion.dll" /INCREMENTAL:NO /NOLOGO /LIBPATH:"I:\CrossApp_\samples\multi-platform-cpp\proj.win32\Debug.win32\\" winmm.lib libcocos2d.lib kernel32.lib user32.lib gdi32.lib winspool.lib comdlg32.lib advapi32.lib shell32.lib ole32.lib oleaut32.lib uuid.lib odbc32.lib odbccp32.lib /MANIFEST /MANIFESTUAC:"level='asInvoker' uiAccess='false'" /manifest:embed /DEBUG /PDB:"I:\CrossApp_\samples\multi-platform-cpp\proj.win32\Debug.win32\libCocosDenshion.pdb" /SUBSYSTEM:WINDOWS,"5.01" /TLBID:1 /DYNAMICBASE /NXCOMPAT /IMPLIB:"I:\CrossApp_\samples\multi-platform-cpp\proj.win32\Debug.win32\libCocosDenshion.lib" /MACHINE:X86 /SAFESEH /DLL Debug.win32\MciPlayer.obj
         Debug.win32\SimpleAudioEngine.obj
     1>MciPlayer.obj : warning LNK4075: 忽略“/EDITANDCONTINUE”(由于“/OPT:LBR”规范)
            正在创建库 I:\CrossApp_\samples\multi-platform-cpp\proj.win32\Debug.win32\libCocosDenshion.lib 和对象 I:\CrossApp_\samples\multi-platform-cpp\proj.win32\Debug.win32\libCocosDenshion.exp
         CocosDenshion.vcxproj -> I:\CrossApp_\samples\multi-platform-cpp\proj.win32\Debug.win32\libCocosDenshion.dll
     1>已完成生成项目“I:\CrossApp_\CocosDenshion\proj.win32\CocosDenshion.vcxproj”(Build 个目标)的操作。

生成成功。

已用时间 00:00:05.26
