  AssetsManager.cpp
  CAUIHelper.cpp
  HttpClient.cpp
  CAAddressManager.cpp
i:\引擎\crossapp_beta\crossapp\control\CASegmentedControl.h : warning C4819: 该文件包含不能在当前代码页(936)中表示的字符。请将该文件保存为 Unicode 格式以防止数据丢失 (..\GUI\CAUIHelper.cpp)
i:\引擎\crossapp_beta\crossapp\control\CASegmentedControl.h : warning C4819: 该文件包含不能在当前代码页(936)中表示的字符。请将该文件保存为 Unicode 格式以防止数据丢失 (..\network\HttpClient.cpp)
i:\引擎\crossapp_beta\crossapp\control\CASegmentedControl.h : warning C4819: 该文件包含不能在当前代码页(936)中表示的字符。请将该文件保存为 Unicode 格式以防止数据丢失 (..\AssetsManager\AssetsManager.cpp)
i:\引擎\crossapp_beta\crossapp\control\CASegmentedControl.h : warning C4819: 该文件包含不能在当前代码页(936)中表示的字符。请将该文件保存为 Unicode 格式以防止数据丢失 (..\other\CAAdress\wp8\CAAddressManager.cpp)
i:\引擎\crossapp_beta\crossapp\control/CASlider.h : warning C4819: 该文件包含不能在当前代码页(936)中表示的字符。请将该文件保存为 Unicode 格式以防止数据丢失 (..\GUI\CAUIHelper.cpp)
i:\引擎\crossapp_beta\crossapp\control/CASlider.h : warning C4819: 该文件包含不能在当前代码页(936)中表示的字符。请将该文件保存为 Unicode 格式以防止数据丢失 (..\network\HttpClient.cpp)
i:\引擎\crossapp_beta\crossapp\control/CASegmentedControl.h : warning C4819: 该文件包含不能在当前代码页(936)中表示的字符。请将该文件保存为 Unicode 格式以防止数据丢失 (..\GUI\CAUIHelper.cpp)
i:\引擎\crossapp_beta\crossapp\control/CASegmentedControl.h : warning C4819: 该文件包含不能在当前代码页(936)中表示的字符。请将该文件保存为 Unicode 格式以防止数据丢失 (..\network\HttpClient.cpp)
i:\引擎\crossapp_beta\crossapp\control/CASlider.h : warning C4819: 该文件包含不能在当前代码页(936)中表示的字符。请将该文件保存为 Unicode 格式以防止数据丢失 (..\AssetsManager\AssetsManager.cpp)
i:\引擎\crossapp_beta\crossapp\control/CASlider.h : warning C4819: 该文件包含不能在当前代码页(936)中表示的字符。请将该文件保存为 Unicode 格式以防止数据丢失 (..\other\CAAdress\wp8\CAAddressManager.cpp)
i:\引擎\crossapp_beta\crossapp\controller/CAViewController.h : warning C4819: 该文件包含不能在当前代码页(936)中表示的字符。请将该文件保存为 Unicode 格式以防止数据丢失 (..\GUI\CAUIHelper.cpp)
i:\引擎\crossapp_beta\crossapp\control/CASegmentedControl.h : warning C4819: 该文件包含不能在当前代码页(936)中表示的字符。请将该文件保存为 Unicode 格式以防止数据丢失 (..\AssetsManager\AssetsManager.cpp)
i:\引擎\crossapp_beta\crossapp\controller/CAViewController.h : warning C4819: 该文件包含不能在当前代码页(936)中表示的字符。请将该文件保存为 Unicode 格式以防止数据丢失 (..\network\HttpClient.cpp)
i:\引擎\crossapp_beta\crossapp\control/CASegmentedControl.h : warning C4819: 该文件包含不能在当前代码页(936)中表示的字符。请将该文件保存为 Unicode 格式以防止数据丢失 (..\other\CAAdress\wp8\CAAddressManager.cpp)
i:\引擎\crossapp_beta\crossapp\controller/CAViewController.h : warning C4819: 该文件包含不能在当前代码页(936)中表示的字符。请将该文件保存为 Unicode 格式以防止数据丢失 (..\AssetsManager\AssetsManager.cpp)
i:\引擎\crossapp_beta\crossapp\controller/CAViewController.h : warning C4819: 该文件包含不能在当前代码页(936)中表示的字符。请将该文件保存为 Unicode 格式以防止数据丢失 (..\other\CAAdress\wp8\CAAddressManager.cpp)
  CAMediaManager.cpp
  CALocationManager.cpp
i:\引擎\crossapp_beta\crossapp\control\CASegmentedControl.h : warning C4819: 该文件包含不能在当前代码页(936)中表示的字符。请将该文件保存为 Unicode 格式以防止数据丢失 (..\other\CACamera\wp8\CAMediaManager.cpp)
i:\引擎\crossapp_beta\crossapp\control\CASegmentedControl.h : warning C4819: 该文件包含不能在当前代码页(936)中表示的字符。请将该文件保存为 Unicode 格式以防止数据丢失 (..\other\CALocation\wp8\CALocationManager.cpp)
i:\引擎\crossapp_beta\crossapp\control/CASlider.h : warning C4819: 该文件包含不能在当前代码页(936)中表示的字符。请将该文件保存为 Unicode 格式以防止数据丢失 (..\other\CACamera\wp8\CAMediaManager.cpp)
i:\引擎\crossapp_beta\crossapp\control/CASegmentedControl.h : warning C4819: 该文件包含不能在当前代码页(936)中表示的字符。请将该文件保存为 Unicode 格式以防止数据丢失 (..\other\CACamera\wp8\CAMediaManager.cpp)
i:\引擎\crossapp_beta\crossapp\control/CASlider.h : warning C4819: 该文件包含不能在当前代码页(936)中表示的字符。请将该文件保存为 Unicode 格式以防止数据丢失 (..\other\CALocation\wp8\CALocationManager.cpp)
i:\引擎\crossapp_beta\crossapp\controller/CAViewController.h : warning C4819: 该文件包含不能在当前代码页(936)中表示的字符。请将该文件保存为 Unicode 格式以防止数据丢失 (..\other\CACamera\wp8\CAMediaManager.cpp)
i:\引擎\crossapp_beta\crossapp\control/CASegmentedControl.h : warning C4819: 该文件包含不能在当前代码页(936)中表示的字符。请将该文件保存为 Unicode 格式以防止数据丢失 (..\other\CALocation\wp8\CALocationManager.cpp)
i:\引擎\crossapp_beta\crossapp\controller/CAViewController.h : warning C4819: 该文件包含不能在当前代码页(936)中表示的字符。请将该文件保存为 Unicode 格式以防止数据丢失 (..\other\CALocation\wp8\CALocationManager.cpp)
  libExtensions.vcxproj -> I:\引擎\CrossApp_beta\template\multi-platform-cpp\proj.wp8-xaml\WP8\Win32\Debug\libExtensions\libExtensions.lib
