生成启动时间为 2015/7/2 15:40:38。
     1>项目“C:\Users\renhongguang\Documents\CA\CrossApp\extensions\proj.win32\libExtensions.vcxproj”在节点 2 上(Build 个目标)。
     1>ClCompile:
         C:\Program Files (x86)\Microsoft Visual Studio 12.0\VC\bin\CL.exe /c /I"C:\Program Files (x86)\Microsoft SDKs\Windows\v7.1A\include" /IC:\Users\renhongguang\Documents\CA\CrossApp\extensions\proj.win32\..\..\extensions\sqlite3\include /IC:\Users\renhongguang\Documents\CA\CrossApp\extensions\proj.win32\..\..\extensions\libwebsockets\win32\include /IC:\Users\renhongguang\Documents\CA\CrossApp\extensions\proj.win32\..\..\CrossApp /IC:\Users\renhongguang\Documents\CA\CrossApp\extensions\proj.win32\..\..\CrossApp\kazmath\include /IC:\Users\renhongguang\Documents\CA\CrossApp\extensions\proj.win32\..\..\CrossApp\platform\win32 /IC:\Users\renhongguang\Documents\CA\CrossApp\extensions\proj.win32\..\..\CrossApp\the_third_party\win32 /IC:\Users\renhongguang\Documents\CA\CrossApp\extensions\proj.win32\..\..\CrossApp\the_third_party\win32\pthread /IC:\Users\renhongguang\Documents\CA\CrossApp\extensions\proj.win32\..\..\CrossApp\the_third_party\win32\OGLES /IC:\Users\renhongguang\Documents\CA\CrossApp\extensions\proj.win32\..\..\CrossApp\the_third_party\win32\zlib /IC:\Users\renhongguang\Documents\CA\CrossApp\extensions\proj.win32\..\..\CrossApp\the_third_party\curl\include\win32 /IC:\Users\renhongguang\Documents\CA\CrossApp\extensions\proj.win32\..\..\CrossApp\the_third_party\freetype\include\win32\ /IC:\Users\renhongguang\Documents\CA\CrossApp\extensions\proj.win32\..\..\CocosDenshion\include /I..\ /Zi /nologo /W3 /WX- /O2 /Oi /Oy- /GL /D WIN32 /D _WINDOWS /D NDEBUG /D _LIB /D CC_ENABLE_CHIPMUNK_INTEGRATION=1 /D _CRT_SECURE_NO_WARNINGS /D _SCL_SECURE_NO_WARNINGS /D _UNICODE /D UNICODE /Gm- /EHsc /MD /GS /Gy /fp:precise /Zc:wchar_t /Zc:forScope /Fo"Release.win32\\" /Fd"Release.win32\vc120.pdb" /Gd /TP /wd4267 /wd4251 /wd4244 /analyze- /errorReport:prompt ..\device\CADevice.cpp ..\Json\CSContentJsonDictionary.cpp ..\Json\DictionaryHelper.cpp ..\Json\lib_json\json_reader.cpp ..\Json\lib_json\json_value.cpp ..\Json\lib_json\json_writer.cpp ..\LocalStorage\LocalStorage.cpp ..\network\DownloadManager.cpp ..\network\HttpClient.cpp ..\network\Websocket.cpp ..\studio\CAStudioViewParser.cpp
         CADevice.cpp
     1>c:\program files (x86)\microsoft sdks\windows\v7.1a\include\sal_supp.h(57): warning C4005: “__useHeader”: 宏重定义
                 C:\Program Files (x86)\Microsoft Visual Studio 12.0\VC\include\sal.h(2886) : 参见“__useHeader”的前一个定义
     1>c:\program files (x86)\microsoft sdks\windows\v7.1a\include\specstrings_supp.h(77): warning C4005: “__on_failure”: 宏重定义
                 C:\Program Files (x86)\Microsoft Visual Studio 12.0\VC\include\sal.h(2896) : 参见“__on_failure”的前一个定义
     1>c:\users\renhongguang\documents\ca\crossapp\crossapp\animation/CAAnimation.h : warning C4819: 该文件包含不能在当前代码页(936)中表示的字符。请将该文件保存为 Unicode 格式以防止数据丢失
     1>c:\users\renhongguang\documents\ca\crossapp\crossapp\animation/CAViewAnimation.h : warning C4819: 该文件包含不能在当前代码页(936)中表示的字符。请将该文件保存为 Unicode 格式以防止数据丢失
     1>c:\users\renhongguang\documents\ca\crossapp\crossapp\images/CAImage.h : warning C4819: 该文件包含不能在当前代码页(936)中表示的字符。请将该文件保存为 Unicode 格式以防止数据丢失
     1>c:\users\renhongguang\documents\ca\crossapp\crossapp\dispatcher/CATouch.h(20): warning C4305: “参数”: 从“unsigned int”到“float”截断
     1>c:\users\renhongguang\documents\ca\crossapp\crossapp\dispatcher/CATouch.h(21): warning C4305: “参数”: 从“unsigned int”到“float”截断
     1>c:\users\renhongguang\documents\ca\crossapp\crossapp\dispatcher/CATouch.h(22): warning C4305: “参数”: 从“unsigned int”到“float”截断
     1>c:\users\renhongguang\documents\ca\crossapp\crossapp\control\CASegmentedControl.h : warning C4819: 该文件包含不能在当前代码页(936)中表示的字符。请将该文件保存为 Unicode 格式以防止数据丢失
     1>c:\users\renhongguang\documents\ca\crossapp\crossapp\control/CASlider.h : warning C4819: 该文件包含不能在当前代码页(936)中表示的字符。请将该文件保存为 Unicode 格式以防止数据丢失
     1>c:\users\renhongguang\documents\ca\crossapp\crossapp\control/CAPageControl.h : warning C4819: 该文件包含不能在当前代码页(936)中表示的字符。请将该文件保存为 Unicode 格式以防止数据丢失
     1>c:\users\renhongguang\documents\ca\crossapp\crossapp\control/CAStepper.h : warning C4819: 该文件包含不能在当前代码页(936)中表示的字符。请将该文件保存为 Unicode 格式以防止数据丢失
     1>c:\users\renhongguang\documents\ca\crossapp\crossapp\controller/CAViewController.h : warning C4819: 该文件包含不能在当前代码页(936)中表示的字符。请将该文件保存为 Unicode 格式以防止数据丢失
     1>c:\users\renhongguang\documents\ca\crossapp\crossapp\view/CAPageView.h : warning C4819: 该文件包含不能在当前代码页(936)中表示的字符。请将该文件保存为 Unicode 格式以防止数据丢失
     1>c:\users\renhongguang\documents\ca\crossapp\crossapp\view\CAPullToRefreshView.h : warning C4819: 该文件包含不能在当前代码页(936)中表示的字符。请将该文件保存为 Unicode 格式以防止数据丢失
     1>c:\users\renhongguang\documents\ca\crossapp\crossapp\view\CAActivityIndicatorView.h : warning C4819: 该文件包含不能在当前代码页(936)中表示的字符。请将该文件保存为 Unicode 格式以防止数据丢失
     1>c:\users\renhongguang\documents\ca\crossapp\crossapp\controller/CADrawerController.h : warning C4819: 该文件包含不能在当前代码页(936)中表示的字符。请将该文件保存为 Unicode 格式以防止数据丢失
     1>c:\users\renhongguang\documents\ca\crossapp\crossapp\view/CADatePickerView.h : warning C4819: 该文件包含不能在当前代码页(936)中表示的字符。请将该文件保存为 Unicode 格式以防止数据丢失
     1>c:\users\renhongguang\documents\ca\crossapp\crossapp\cocoa/CACalendar.h : warning C4819: 该文件包含不能在当前代码页(936)中表示的字符。请将该文件保存为 Unicode 格式以防止数据丢失
         CSContentJsonDictionary.cpp
     1>c:\program files (x86)\microsoft sdks\windows\v7.1a\include\sal_supp.h(57): warning C4005: “__useHeader”: 宏重定义
                 C:\Program Files (x86)\Microsoft Visual Studio 12.0\VC\include\sal.h(2886) : 参见“__useHeader”的前一个定义
     1>c:\program files (x86)\microsoft sdks\windows\v7.1a\include\specstrings_supp.h(77): warning C4005: “__on_failure”: 宏重定义
                 C:\Program Files (x86)\Microsoft Visual Studio 12.0\VC\include\sal.h(2896) : 参见“__on_failure”的前一个定义
     1>c:\users\renhongguang\documents\ca\crossapp\crossapp\animation/CAAnimation.h : warning C4819: 该文件包含不能在当前代码页(936)中表示的字符。请将该文件保存为 Unicode 格式以防止数据丢失
     1>c:\users\renhongguang\documents\ca\crossapp\crossapp\animation/CAViewAnimation.h : warning C4819: 该文件包含不能在当前代码页(936)中表示的字符。请将该文件保存为 Unicode 格式以防止数据丢失
     1>c:\users\renhongguang\documents\ca\crossapp\crossapp\images/CAImage.h : warning C4819: 该文件包含不能在当前代码页(936)中表示的字符。请将该文件保存为 Unicode 格式以防止数据丢失
     1>c:\users\renhongguang\documents\ca\crossapp\crossapp\dispatcher/CATouch.h(20): warning C4305: “参数”: 从“unsigned int”到“float”截断
     1>c:\users\renhongguang\documents\ca\crossapp\crossapp\dispatcher/CATouch.h(21): warning C4305: “参数”: 从“unsigned int”到“float”截断
     1>c:\users\renhongguang\documents\ca\crossapp\crossapp\dispatcher/CATouch.h(22): warning C4305: “参数”: 从“unsigned int”到“float”截断
     1>c:\users\renhongguang\documents\ca\crossapp\crossapp\control\CASegmentedControl.h : warning C4819: 该文件包含不能在当前代码页(936)中表示的字符。请将该文件保存为 Unicode 格式以防止数据丢失
     1>c:\users\renhongguang\documents\ca\crossapp\crossapp\control/CASlider.h : warning C4819: 该文件包含不能在当前代码页(936)中表示的字符。请将该文件保存为 Unicode 格式以防止数据丢失
     1>c:\users\renhongguang\documents\ca\crossapp\crossapp\control/CAPageControl.h : warning C4819: 该文件包含不能在当前代码页(936)中表示的字符。请将该文件保存为 Unicode 格式以防止数据丢失
     1>c:\users\renhongguang\documents\ca\crossapp\crossapp\control/CAStepper.h : warning C4819: 该文件包含不能在当前代码页(936)中表示的字符。请将该文件保存为 Unicode 格式以防止数据丢失
     1>c:\users\renhongguang\documents\ca\crossapp\crossapp\controller/CAViewController.h : warning C4819: 该文件包含不能在当前代码页(936)中表示的字符。请将该文件保存为 Unicode 格式以防止数据丢失
     1>c:\users\renhongguang\documents\ca\crossapp\crossapp\view/CAPageView.h : warning C4819: 该文件包含不能在当前代码页(936)中表示的字符。请将该文件保存为 Unicode 格式以防止数据丢失
     1>c:\users\renhongguang\documents\ca\crossapp\crossapp\view\CAPullToRefreshView.h : warning C4819: 该文件包含不能在当前代码页(936)中表示的字符。请将该文件保存为 Unicode 格式以防止数据丢失
     1>c:\users\renhongguang\documents\ca\crossapp\crossapp\view\CAActivityIndicatorView.h : warning C4819: 该文件包含不能在当前代码页(936)中表示的字符。请将该文件保存为 Unicode 格式以防止数据丢失
     1>c:\users\renhongguang\documents\ca\crossapp\crossapp\controller/CADrawerController.h : warning C4819: 该文件包含不能在当前代码页(936)中表示的字符。请将该文件保存为 Unicode 格式以防止数据丢失
     1>c:\users\renhongguang\documents\ca\crossapp\crossapp\view/CADatePickerView.h : warning C4819: 该文件包含不能在当前代码页(936)中表示的字符。请将该文件保存为 Unicode 格式以防止数据丢失
     1>c:\users\renhongguang\documents\ca\crossapp\crossapp\cocoa/CACalendar.h : warning C4819: 该文件包含不能在当前代码页(936)中表示的字符。请将该文件保存为 Unicode 格式以防止数据丢失
         DictionaryHelper.cpp
     1>c:\program files (x86)\microsoft sdks\windows\v7.1a\include\sal_supp.h(57): warning C4005: “__useHeader”: 宏重定义
                 C:\Program Files (x86)\Microsoft Visual Studio 12.0\VC\include\sal.h(2886) : 参见“__useHeader”的前一个定义
     1>c:\program files (x86)\microsoft sdks\windows\v7.1a\include\specstrings_supp.h(77): warning C4005: “__on_failure”: 宏重定义
                 C:\Program Files (x86)\Microsoft Visual Studio 12.0\VC\include\sal.h(2896) : 参见“__on_failure”的前一个定义
     1>c:\users\renhongguang\documents\ca\crossapp\crossapp\animation/CAAnimation.h : warning C4819: 该文件包含不能在当前代码页(936)中表示的字符。请将该文件保存为 Unicode 格式以防止数据丢失
     1>c:\users\renhongguang\documents\ca\crossapp\crossapp\animation/CAViewAnimation.h : warning C4819: 该文件包含不能在当前代码页(936)中表示的字符。请将该文件保存为 Unicode 格式以防止数据丢失
     1>c:\users\renhongguang\documents\ca\crossapp\crossapp\images/CAImage.h : warning C4819: 该文件包含不能在当前代码页(936)中表示的字符。请将该文件保存为 Unicode 格式以防止数据丢失
     1>c:\users\renhongguang\documents\ca\crossapp\crossapp\dispatcher/CATouch.h(20): warning C4305: “参数”: 从“unsigned int”到“float”截断
     1>c:\users\renhongguang\documents\ca\crossapp\crossapp\dispatcher/CATouch.h(21): warning C4305: “参数”: 从“unsigned int”到“float”截断
     1>c:\users\renhongguang\documents\ca\crossapp\crossapp\dispatcher/CATouch.h(22): warning C4305: “参数”: 从“unsigned int”到“float”截断
     1>c:\users\renhongguang\documents\ca\crossapp\crossapp\control\CASegmentedControl.h : warning C4819: 该文件包含不能在当前代码页(936)中表示的字符。请将该文件保存为 Unicode 格式以防止数据丢失
     1>c:\users\renhongguang\documents\ca\crossapp\crossapp\control/CASlider.h : warning C4819: 该文件包含不能在当前代码页(936)中表示的字符。请将该文件保存为 Unicode 格式以防止数据丢失
     1>c:\users\renhongguang\documents\ca\crossapp\crossapp\control/CAPageControl.h : warning C4819: 该文件包含不能在当前代码页(936)中表示的字符。请将该文件保存为 Unicode 格式以防止数据丢失
     1>c:\users\renhongguang\documents\ca\crossapp\crossapp\control/CAStepper.h : warning C4819: 该文件包含不能在当前代码页(936)中表示的字符。请将该文件保存为 Unicode 格式以防止数据丢失
     1>c:\users\renhongguang\documents\ca\crossapp\crossapp\controller/CAViewController.h : warning C4819: 该文件包含不能在当前代码页(936)中表示的字符。请将该文件保存为 Unicode 格式以防止数据丢失
     1>c:\users\renhongguang\documents\ca\crossapp\crossapp\view/CAPageView.h : warning C4819: 该文件包含不能在当前代码页(936)中表示的字符。请将该文件保存为 Unicode 格式以防止数据丢失
     1>c:\users\renhongguang\documents\ca\crossapp\crossapp\view\CAPullToRefreshView.h : warning C4819: 该文件包含不能在当前代码页(936)中表示的字符。请将该文件保存为 Unicode 格式以防止数据丢失
     1>c:\users\renhongguang\documents\ca\crossapp\crossapp\view\CAActivityIndicatorView.h : warning C4819: 该文件包含不能在当前代码页(936)中表示的字符。请将该文件保存为 Unicode 格式以防止数据丢失
     1>c:\users\renhongguang\documents\ca\crossapp\crossapp\controller/CADrawerController.h : warning C4819: 该文件包含不能在当前代码页(936)中表示的字符。请将该文件保存为 Unicode 格式以防止数据丢失
     1>c:\users\renhongguang\documents\ca\crossapp\crossapp\view/CADatePickerView.h : warning C4819: 该文件包含不能在当前代码页(936)中表示的字符。请将该文件保存为 Unicode 格式以防止数据丢失
     1>c:\users\renhongguang\documents\ca\crossapp\crossapp\cocoa/CACalendar.h : warning C4819: 该文件包含不能在当前代码页(936)中表示的字符。请将该文件保存为 Unicode 格式以防止数据丢失
     1>..\Json\DictionaryHelper.cpp(86): warning C4800: “int”: 将值强制为布尔值“true”或“false”(性能警告)
     1>..\Json\DictionaryHelper.cpp(146): warning C4800: “int”: 将值强制为布尔值“true”或“false”(性能警告)
         json_reader.cpp
         json_value.cpp
         json_writer.cpp
         LocalStorage.cpp
     1>c:\program files (x86)\microsoft sdks\windows\v7.1a\include\sal_supp.h(57): warning C4005: “__useHeader”: 宏重定义
                 C:\Program Files (x86)\Microsoft Visual Studio 12.0\VC\include\sal.h(2886) : 参见“__useHeader”的前一个定义
     1>c:\program files (x86)\microsoft sdks\windows\v7.1a\include\specstrings_supp.h(77): warning C4005: “__on_failure”: 宏重定义
                 C:\Program Files (x86)\Microsoft Visual Studio 12.0\VC\include\sal.h(2896) : 参见“__on_failure”的前一个定义
     1>c:\users\renhongguang\documents\ca\crossapp\crossapp\animation/CAAnimation.h : warning C4819: 该文件包含不能在当前代码页(936)中表示的字符。请将该文件保存为 Unicode 格式以防止数据丢失
     1>c:\users\renhongguang\documents\ca\crossapp\crossapp\animation/CAViewAnimation.h : warning C4819: 该文件包含不能在当前代码页(936)中表示的字符。请将该文件保存为 Unicode 格式以防止数据丢失
     1>c:\users\renhongguang\documents\ca\crossapp\crossapp\images/CAImage.h : warning C4819: 该文件包含不能在当前代码页(936)中表示的字符。请将该文件保存为 Unicode 格式以防止数据丢失
     1>c:\users\renhongguang\documents\ca\crossapp\crossapp\dispatcher/CATouch.h(20): warning C4305: “参数”: 从“unsigned int”到“float”截断
     1>c:\users\renhongguang\documents\ca\crossapp\crossapp\dispatcher/CATouch.h(21): warning C4305: “参数”: 从“unsigned int”到“float”截断
     1>c:\users\renhongguang\documents\ca\crossapp\crossapp\dispatcher/CATouch.h(22): warning C4305: “参数”: 从“unsigned int”到“float”截断
     1>c:\users\renhongguang\documents\ca\crossapp\crossapp\control\CASegmentedControl.h : warning C4819: 该文件包含不能在当前代码页(936)中表示的字符。请将该文件保存为 Unicode 格式以防止数据丢失
     1>c:\users\renhongguang\documents\ca\crossapp\crossapp\control/CASlider.h : warning C4819: 该文件包含不能在当前代码页(936)中表示的字符。请将该文件保存为 Unicode 格式以防止数据丢失
     1>c:\users\renhongguang\documents\ca\crossapp\crossapp\control/CAPageControl.h : warning C4819: 该文件包含不能在当前代码页(936)中表示的字符。请将该文件保存为 Unicode 格式以防止数据丢失
     1>c:\users\renhongguang\documents\ca\crossapp\crossapp\control/CAStepper.h : warning C4819: 该文件包含不能在当前代码页(936)中表示的字符。请将该文件保存为 Unicode 格式以防止数据丢失
     1>c:\users\renhongguang\documents\ca\crossapp\crossapp\controller/CAViewController.h : warning C4819: 该文件包含不能在当前代码页(936)中表示的字符。请将该文件保存为 Unicode 格式以防止数据丢失
     1>c:\users\renhongguang\documents\ca\crossapp\crossapp\view/CAPageView.h : warning C4819: 该文件包含不能在当前代码页(936)中表示的字符。请将该文件保存为 Unicode 格式以防止数据丢失
     1>c:\users\renhongguang\documents\ca\crossapp\crossapp\view\CAPullToRefreshView.h : warning C4819: 该文件包含不能在当前代码页(936)中表示的字符。请将该文件保存为 Unicode 格式以防止数据丢失
     1>c:\users\renhongguang\documents\ca\crossapp\crossapp\view\CAActivityIndicatorView.h : warning C4819: 该文件包含不能在当前代码页(936)中表示的字符。请将该文件保存为 Unicode 格式以防止数据丢失
     1>c:\users\renhongguang\documents\ca\crossapp\crossapp\controller/CADrawerController.h : warning C4819: 该文件包含不能在当前代码页(936)中表示的字符。请将该文件保存为 Unicode 格式以防止数据丢失
     1>c:\users\renhongguang\documents\ca\crossapp\crossapp\view/CADatePickerView.h : warning C4819: 该文件包含不能在当前代码页(936)中表示的字符。请将该文件保存为 Unicode 格式以防止数据丢失
     1>c:\users\renhongguang\documents\ca\crossapp\crossapp\cocoa/CACalendar.h : warning C4819: 该文件包含不能在当前代码页(936)中表示的字符。请将该文件保存为 Unicode 格式以防止数据丢失
         DownloadManager.cpp
     1>c:\program files (x86)\microsoft sdks\windows\v7.1a\include\sal_supp.h(57): warning C4005: “__useHeader”: 宏重定义
                 C:\Program Files (x86)\Microsoft Visual Studio 12.0\VC\include\sal.h(2886) : 参见“__useHeader”的前一个定义
     1>c:\program files (x86)\microsoft sdks\windows\v7.1a\include\specstrings_supp.h(77): warning C4005: “__on_failure”: 宏重定义
                 C:\Program Files (x86)\Microsoft Visual Studio 12.0\VC\include\sal.h(2896) : 参见“__on_failure”的前一个定义
     1>c:\users\renhongguang\documents\ca\crossapp\crossapp\animation/CAAnimation.h : warning C4819: 该文件包含不能在当前代码页(936)中表示的字符。请将该文件保存为 Unicode 格式以防止数据丢失
     1>c:\users\renhongguang\documents\ca\crossapp\crossapp\animation/CAViewAnimation.h : warning C4819: 该文件包含不能在当前代码页(936)中表示的字符。请将该文件保存为 Unicode 格式以防止数据丢失
     1>c:\users\renhongguang\documents\ca\crossapp\crossapp\images/CAImage.h : warning C4819: 该文件包含不能在当前代码页(936)中表示的字符。请将该文件保存为 Unicode 格式以防止数据丢失
     1>c:\users\renhongguang\documents\ca\crossapp\crossapp\dispatcher/CATouch.h(20): warning C4305: “参数”: 从“unsigned int”到“float”截断
     1>c:\users\renhongguang\documents\ca\crossapp\crossapp\dispatcher/CATouch.h(21): warning C4305: “参数”: 从“unsigned int”到“float”截断
     1>c:\users\renhongguang\documents\ca\crossapp\crossapp\dispatcher/CATouch.h(22): warning C4305: “参数”: 从“unsigned int”到“float”截断
     1>c:\users\renhongguang\documents\ca\crossapp\crossapp\control\CASegmentedControl.h : warning C4819: 该文件包含不能在当前代码页(936)中表示的字符。请将该文件保存为 Unicode 格式以防止数据丢失
     1>c:\users\renhongguang\documents\ca\crossapp\crossapp\control/CASlider.h : warning C4819: 该文件包含不能在当前代码页(936)中表示的字符。请将该文件保存为 Unicode 格式以防止数据丢失
     1>c:\users\renhongguang\documents\ca\crossapp\crossapp\control/CAPageControl.h : warning C4819: 该文件包含不能在当前代码页(936)中表示的字符。请将该文件保存为 Unicode 格式以防止数据丢失
     1>c:\users\renhongguang\documents\ca\crossapp\crossapp\control/CAStepper.h : warning C4819: 该文件包含不能在当前代码页(936)中表示的字符。请将该文件保存为 Unicode 格式以防止数据丢失
     1>c:\users\renhongguang\documents\ca\crossapp\crossapp\controller/CAViewController.h : warning C4819: 该文件包含不能在当前代码页(936)中表示的字符。请将该文件保存为 Unicode 格式以防止数据丢失
     1>c:\users\renhongguang\documents\ca\crossapp\crossapp\view/CAPageView.h : warning C4819: 该文件包含不能在当前代码页(936)中表示的字符。请将该文件保存为 Unicode 格式以防止数据丢失
     1>c:\users\renhongguang\documents\ca\crossapp\crossapp\view\CAPullToRefreshView.h : warning C4819: 该文件包含不能在当前代码页(936)中表示的字符。请将该文件保存为 Unicode 格式以防止数据丢失
     1>c:\users\renhongguang\documents\ca\crossapp\crossapp\view\CAActivityIndicatorView.h : warning C4819: 该文件包含不能在当前代码页(936)中表示的字符。请将该文件保存为 Unicode 格式以防止数据丢失
     1>c:\users\renhongguang\documents\ca\crossapp\crossapp\controller/CADrawerController.h : warning C4819: 该文件包含不能在当前代码页(936)中表示的字符。请将该文件保存为 Unicode 格式以防止数据丢失
     1>c:\users\renhongguang\documents\ca\crossapp\crossapp\view/CADatePickerView.h : warning C4819: 该文件包含不能在当前代码页(936)中表示的字符。请将该文件保存为 Unicode 格式以防止数据丢失
     1>c:\users\renhongguang\documents\ca\crossapp\crossapp\cocoa/CACalendar.h : warning C4819: 该文件包含不能在当前代码页(936)中表示的字符。请将该文件保存为 Unicode 格式以防止数据丢失
     1>..\network\DownloadManager.cpp(205): warning C4068: 未知的杂注
     1>..\network\DownloadManager.cpp(383): warning C4800: “int”: 将值强制为布尔值“true”或“false”(性能警告)
     1>..\network\DownloadManager.cpp(782): warning C4068: 未知的杂注
         HttpClient.cpp
     1>c:\program files (x86)\microsoft sdks\windows\v7.1a\include\sal_supp.h(57): warning C4005: “__useHeader”: 宏重定义
                 C:\Program Files (x86)\Microsoft Visual Studio 12.0\VC\include\sal.h(2886) : 参见“__useHeader”的前一个定义
     1>c:\program files (x86)\microsoft sdks\windows\v7.1a\include\specstrings_supp.h(77): warning C4005: “__on_failure”: 宏重定义
                 C:\Program Files (x86)\Microsoft Visual Studio 12.0\VC\include\sal.h(2896) : 参见“__on_failure”的前一个定义
     1>c:\users\renhongguang\documents\ca\crossapp\crossapp\animation/CAAnimation.h : warning C4819: 该文件包含不能在当前代码页(936)中表示的字符。请将该文件保存为 Unicode 格式以防止数据丢失
     1>c:\users\renhongguang\documents\ca\crossapp\crossapp\animation/CAViewAnimation.h : warning C4819: 该文件包含不能在当前代码页(936)中表示的字符。请将该文件保存为 Unicode 格式以防止数据丢失
     1>c:\users\renhongguang\documents\ca\crossapp\crossapp\images/CAImage.h : warning C4819: 该文件包含不能在当前代码页(936)中表示的字符。请将该文件保存为 Unicode 格式以防止数据丢失
     1>c:\users\renhongguang\documents\ca\crossapp\crossapp\dispatcher/CATouch.h(20): warning C4305: “参数”: 从“unsigned int”到“float”截断
     1>c:\users\renhongguang\documents\ca\crossapp\crossapp\dispatcher/CATouch.h(21): warning C4305: “参数”: 从“unsigned int”到“float”截断
     1>c:\users\renhongguang\documents\ca\crossapp\crossapp\dispatcher/CATouch.h(22): warning C4305: “参数”: 从“unsigned int”到“float”截断
     1>c:\users\renhongguang\documents\ca\crossapp\crossapp\control\CASegmentedControl.h : warning C4819: 该文件包含不能在当前代码页(936)中表示的字符。请将该文件保存为 Unicode 格式以防止数据丢失
     1>c:\users\renhongguang\documents\ca\crossapp\crossapp\control/CASlider.h : warning C4819: 该文件包含不能在当前代码页(936)中表示的字符。请将该文件保存为 Unicode 格式以防止数据丢失
     1>c:\users\renhongguang\documents\ca\crossapp\crossapp\control/CAPageControl.h : warning C4819: 该文件包含不能在当前代码页(936)中表示的字符。请将该文件保存为 Unicode 格式以防止数据丢失
     1>c:\users\renhongguang\documents\ca\crossapp\crossapp\control/CAStepper.h : warning C4819: 该文件包含不能在当前代码页(936)中表示的字符。请将该文件保存为 Unicode 格式以防止数据丢失
     1>c:\users\renhongguang\documents\ca\crossapp\crossapp\controller/CAViewController.h : warning C4819: 该文件包含不能在当前代码页(936)中表示的字符。请将该文件保存为 Unicode 格式以防止数据丢失
     1>c:\users\renhongguang\documents\ca\crossapp\crossapp\view/CAPageView.h : warning C4819: 该文件包含不能在当前代码页(936)中表示的字符。请将该文件保存为 Unicode 格式以防止数据丢失
     1>c:\users\renhongguang\documents\ca\crossapp\crossapp\view\CAPullToRefreshView.h : warning C4819: 该文件包含不能在当前代码页(936)中表示的字符。请将该文件保存为 Unicode 格式以防止数据丢失
     1>c:\users\renhongguang\documents\ca\crossapp\crossapp\view\CAActivityIndicatorView.h : warning C4819: 该文件包含不能在当前代码页(936)中表示的字符。请将该文件保存为 Unicode 格式以防止数据丢失
     1>c:\users\renhongguang\documents\ca\crossapp\crossapp\controller/CADrawerController.h : warning C4819: 该文件包含不能在当前代码页(936)中表示的字符。请将该文件保存为 Unicode 格式以防止数据丢失
     1>c:\users\renhongguang\documents\ca\crossapp\crossapp\view/CADatePickerView.h : warning C4819: 该文件包含不能在当前代码页(936)中表示的字符。请将该文件保存为 Unicode 格式以防止数据丢失
     1>c:\users\renhongguang\documents\ca\crossapp\crossapp\cocoa/CACalendar.h : warning C4819: 该文件包含不能在当前代码页(936)中表示的字符。请将该文件保存为 Unicode 格式以防止数据丢失
     1>..\network\HttpClient.cpp(371): warning C4018: “<”: 有符号/无符号不匹配
         Websocket.cpp
     1>c:\program files (x86)\microsoft sdks\windows\v7.1a\include\sal_supp.h(57): warning C4005: “__useHeader”: 宏重定义
                 C:\Program Files (x86)\Microsoft Visual Studio 12.0\VC\include\sal.h(2886) : 参见“__useHeader”的前一个定义
     1>c:\program files (x86)\microsoft sdks\windows\v7.1a\include\specstrings_supp.h(77): warning C4005: “__on_failure”: 宏重定义
                 C:\Program Files (x86)\Microsoft Visual Studio 12.0\VC\include\sal.h(2896) : 参见“__on_failure”的前一个定义
     1>c:\users\renhongguang\documents\ca\crossapp\crossapp\animation/CAAnimation.h : warning C4819: 该文件包含不能在当前代码页(936)中表示的字符。请将该文件保存为 Unicode 格式以防止数据丢失
     1>c:\users\renhongguang\documents\ca\crossapp\crossapp\animation/CAViewAnimation.h : warning C4819: 该文件包含不能在当前代码页(936)中表示的字符。请将该文件保存为 Unicode 格式以防止数据丢失
     1>c:\users\renhongguang\documents\ca\crossapp\crossapp\images/CAImage.h : warning C4819: 该文件包含不能在当前代码页(936)中表示的字符。请将该文件保存为 Unicode 格式以防止数据丢失
     1>c:\users\renhongguang\documents\ca\crossapp\crossapp\dispatcher/CATouch.h(20): warning C4305: “参数”: 从“unsigned int”到“float”截断
     1>c:\users\renhongguang\documents\ca\crossapp\crossapp\dispatcher/CATouch.h(21): warning C4305: “参数”: 从“unsigned int”到“float”截断
     1>c:\users\renhongguang\documents\ca\crossapp\crossapp\dispatcher/CATouch.h(22): warning C4305: “参数”: 从“unsigned int”到“float”截断
     1>c:\users\renhongguang\documents\ca\crossapp\crossapp\control\CASegmentedControl.h : warning C4819: 该文件包含不能在当前代码页(936)中表示的字符。请将该文件保存为 Unicode 格式以防止数据丢失
     1>c:\users\renhongguang\documents\ca\crossapp\crossapp\control/CASlider.h : warning C4819: 该文件包含不能在当前代码页(936)中表示的字符。请将该文件保存为 Unicode 格式以防止数据丢失
     1>c:\users\renhongguang\documents\ca\crossapp\crossapp\control/CAPageControl.h : warning C4819: 该文件包含不能在当前代码页(936)中表示的字符。请将该文件保存为 Unicode 格式以防止数据丢失
     1>c:\users\renhongguang\documents\ca\crossapp\crossapp\control/CAStepper.h : warning C4819: 该文件包含不能在当前代码页(936)中表示的字符。请将该文件保存为 Unicode 格式以防止数据丢失
     1>c:\users\renhongguang\documents\ca\crossapp\crossapp\controller/CAViewController.h : warning C4819: 该文件包含不能在当前代码页(936)中表示的字符。请将该文件保存为 Unicode 格式以防止数据丢失
     1>c:\users\renhongguang\documents\ca\crossapp\crossapp\view/CAPageView.h : warning C4819: 该文件包含不能在当前代码页(936)中表示的字符。请将该文件保存为 Unicode 格式以防止数据丢失
     1>c:\users\renhongguang\documents\ca\crossapp\crossapp\view\CAPullToRefreshView.h : warning C4819: 该文件包含不能在当前代码页(936)中表示的字符。请将该文件保存为 Unicode 格式以防止数据丢失
     1>c:\users\renhongguang\documents\ca\crossapp\crossapp\view\CAActivityIndicatorView.h : warning C4819: 该文件包含不能在当前代码页(936)中表示的字符。请将该文件保存为 Unicode 格式以防止数据丢失
     1>c:\users\renhongguang\documents\ca\crossapp\crossapp\controller/CADrawerController.h : warning C4819: 该文件包含不能在当前代码页(936)中表示的字符。请将该文件保存为 Unicode 格式以防止数据丢失
     1>c:\users\renhongguang\documents\ca\crossapp\crossapp\view/CADatePickerView.h : warning C4819: 该文件包含不能在当前代码页(936)中表示的字符。请将该文件保存为 Unicode 格式以防止数据丢失
     1>c:\users\renhongguang\documents\ca\crossapp\crossapp\cocoa/CACalendar.h : warning C4819: 该文件包含不能在当前代码页(936)中表示的字符。请将该文件保存为 Unicode 格式以防止数据丢失
         CAStudioViewParser.cpp
     1>c:\program files (x86)\microsoft sdks\windows\v7.1a\include\sal_supp.h(57): warning C4005: “__useHeader”: 宏重定义
                 C:\Program Files (x86)\Microsoft Visual Studio 12.0\VC\include\sal.h(2886) : 参见“__useHeader”的前一个定义
     1>c:\program files (x86)\microsoft sdks\windows\v7.1a\include\specstrings_supp.h(77): warning C4005: “__on_failure”: 宏重定义
                 C:\Program Files (x86)\Microsoft Visual Studio 12.0\VC\include\sal.h(2896) : 参见“__on_failure”的前一个定义
     1>c:\users\renhongguang\documents\ca\crossapp\crossapp\animation/CAAnimation.h : warning C4819: 该文件包含不能在当前代码页(936)中表示的字符。请将该文件保存为 Unicode 格式以防止数据丢失
     1>c:\users\renhongguang\documents\ca\crossapp\crossapp\animation/CAViewAnimation.h : warning C4819: 该文件包含不能在当前代码页(936)中表示的字符。请将该文件保存为 Unicode 格式以防止数据丢失
     1>c:\users\renhongguang\documents\ca\crossapp\crossapp\images/CAImage.h : warning C4819: 该文件包含不能在当前代码页(936)中表示的字符。请将该文件保存为 Unicode 格式以防止数据丢失
     1>c:\users\renhongguang\documents\ca\crossapp\crossapp\dispatcher/CATouch.h(20): warning C4305: “参数”: 从“unsigned int”到“float”截断
     1>c:\users\renhongguang\documents\ca\crossapp\crossapp\dispatcher/CATouch.h(21): warning C4305: “参数”: 从“unsigned int”到“float”截断
     1>c:\users\renhongguang\documents\ca\crossapp\crossapp\dispatcher/CATouch.h(22): warning C4305: “参数”: 从“unsigned int”到“float”截断
     1>c:\users\renhongguang\documents\ca\crossapp\crossapp\control\CASegmentedControl.h : warning C4819: 该文件包含不能在当前代码页(936)中表示的字符。请将该文件保存为 Unicode 格式以防止数据丢失
     1>c:\users\renhongguang\documents\ca\crossapp\crossapp\control/CASlider.h : warning C4819: 该文件包含不能在当前代码页(936)中表示的字符。请将该文件保存为 Unicode 格式以防止数据丢失
     1>c:\users\renhongguang\documents\ca\crossapp\crossapp\control/CAPageControl.h : warning C4819: 该文件包含不能在当前代码页(936)中表示的字符。请将该文件保存为 Unicode 格式以防止数据丢失
     1>c:\users\renhongguang\documents\ca\crossapp\crossapp\control/CAStepper.h : warning C4819: 该文件包含不能在当前代码页(936)中表示的字符。请将该文件保存为 Unicode 格式以防止数据丢失
     1>c:\users\renhongguang\documents\ca\crossapp\crossapp\controller/CAViewController.h : warning C4819: 该文件包含不能在当前代码页(936)中表示的字符。请将该文件保存为 Unicode 格式以防止数据丢失
     1>c:\users\renhongguang\documents\ca\crossapp\crossapp\view/CAPageView.h : warning C4819: 该文件包含不能在当前代码页(936)中表示的字符。请将该文件保存为 Unicode 格式以防止数据丢失
     1>c:\users\renhongguang\documents\ca\crossapp\crossapp\view\CAPullToRefreshView.h : warning C4819: 该文件包含不能在当前代码页(936)中表示的字符。请将该文件保存为 Unicode 格式以防止数据丢失
     1>c:\users\renhongguang\documents\ca\crossapp\crossapp\view\CAActivityIndicatorView.h : warning C4819: 该文件包含不能在当前代码页(936)中表示的字符。请将该文件保存为 Unicode 格式以防止数据丢失
     1>c:\users\renhongguang\documents\ca\crossapp\crossapp\controller/CADrawerController.h : warning C4819: 该文件包含不能在当前代码页(936)中表示的字符。请将该文件保存为 Unicode 格式以防止数据丢失
     1>c:\users\renhongguang\documents\ca\crossapp\crossapp\view/CADatePickerView.h : warning C4819: 该文件包含不能在当前代码页(936)中表示的字符。请将该文件保存为 Unicode 格式以防止数据丢失
     1>c:\users\renhongguang\documents\ca\crossapp\crossapp\cocoa/CACalendar.h : warning C4819: 该文件包含不能在当前代码页(936)中表示的字符。请将该文件保存为 Unicode 格式以防止数据丢失
         C:\Program Files (x86)\Microsoft Visual Studio 12.0\VC\bin\CL.exe /c /I"C:\Program Files (x86)\Microsoft SDKs\Windows\v7.1A\include" /IC:\Users\renhongguang\Documents\CA\CrossApp\extensions\proj.win32\..\..\extensions\sqlite3\include /IC:\Users\renhongguang\Documents\CA\CrossApp\extensions\proj.win32\..\..\extensions\libwebsockets\win32\include /IC:\Users\renhongguang\Documents\CA\CrossApp\extensions\proj.win32\..\..\CrossApp /IC:\Users\renhongguang\Documents\CA\CrossApp\extensions\proj.win32\..\..\CrossApp\kazmath\include /IC:\Users\renhongguang\Documents\CA\CrossApp\extensions\proj.win32\..\..\CrossApp\platform\win32 /IC:\Users\renhongguang\Documents\CA\CrossApp\extensions\proj.win32\..\..\CrossApp\the_third_party\win32 /IC:\Users\renhongguang\Documents\CA\CrossApp\extensions\proj.win32\..\..\CrossApp\the_third_party\win32\pthread /IC:\Users\renhongguang\Documents\CA\CrossApp\extensions\proj.win32\..\..\CrossApp\the_third_party\win32\OGLES /IC:\Users\renhongguang\Documents\CA\CrossApp\extensions\proj.win32\..\..\CrossApp\the_third_party\win32\zlib /IC:\Users\renhongguang\Documents\CA\CrossApp\extensions\proj.win32\..\..\CrossApp\the_third_party\curl\include\win32 /IC:\Users\renhongguang\Documents\CA\CrossApp\extensions\proj.win32\..\..\CrossApp\the_third_party\freetype\include\win32\ /IC:\Users\renhongguang\Documents\CA\CrossApp\extensions\proj.win32\..\..\CocosDenshion\include /I..\ /Zi /nologo /W3 /WX- /O2 /Oi /Oy- /GL /D WIN32 /D _WINDOWS /D NDEBUG /D _LIB /D CC_ENABLE_CHIPMUNK_INTEGRATION=1 /D _CRT_SECURE_NO_WARNINGS /D _SCL_SECURE_NO_WARNINGS /D _UNICODE /D UNICODE /Gm- /EHsc /MD /GS /Gy /fp:precise /Zc:wchar_t /Zc:forScope /Fo"Release.win32\\" /Fd"Release.win32\vc120.pdb" /Gd /TC /wd4267 /wd4251 /wd4244 /analyze- /errorReport:prompt ..\sqlite3\include\sqlite3.c
         sqlite3.c
     1>c:\program files (x86)\microsoft sdks\windows\v7.1a\include\sal_supp.h(57): warning C4005: “__useHeader”: 宏重定义
                 C:\Program Files (x86)\Microsoft Visual Studio 12.0\VC\include\sal.h(2886) : 参见“__useHeader”的前一个定义
     1>c:\program files (x86)\microsoft sdks\windows\v7.1a\include\specstrings_supp.h(77): warning C4005: “__on_failure”: 宏重定义
                 C:\Program Files (x86)\Microsoft Visual Studio 12.0\VC\include\sal.h(2896) : 参见“__on_failure”的前一个定义
       Lib:
         C:\Program Files (x86)\Microsoft Visual Studio 12.0\VC\bin\Lib.exe /OUT:"C:\Users\renhongguang\Documents\CA\CrossApp\samples\Test\proj.win32\Release.win32\libExtensions.lib" /NOLOGO /LTCG Release.win32\CADevice.obj
         Release.win32\CSContentJsonDictionary.obj
         Release.win32\DictionaryHelper.obj
         Release.win32\json_reader.obj
         Release.win32\json_value.obj
         Release.win32\json_writer.obj
         Release.win32\LocalStorage.obj
         Release.win32\DownloadManager.obj
         Release.win32\HttpClient.obj
         Release.win32\Websocket.obj
         Release.win32\sqlite3.obj
         Release.win32\CAStudioViewParser.obj
         libExtensions.vcxproj -> C:\Users\renhongguang\Documents\CA\CrossApp\samples\Test\proj.win32\Release.win32\libExtensions.lib
     1>已完成生成项目“C:\Users\renhongguang\Documents\CA\CrossApp\extensions\proj.win32\libExtensions.vcxproj”(Build 个目标)的操作。

生成成功。

已用时间 00:00:11.75
