c:\users\renhongguang\documents\ca\crossapp\projects\crossapp-uieditor\proj.win32\release.win32\vc120.pdb
c:\users\renhongguang\documents\ca\crossapp\projects\crossapp-uieditor\proj.win32\release.win32\rootwindow.obj
c:\users\renhongguang\documents\ca\crossapp\projects\crossapp-uieditor\proj.win32\release.win32\mainscenes.obj
c:\users\renhongguang\documents\ca\crossapp\projects\crossapp-uieditor\proj.win32\release.win32\propertyview.obj
c:\users\renhongguang\documents\ca\crossapp\projects\crossapp-uieditor\proj.win32\release.win32\autoview.obj
c:\users\renhongguang\documents\ca\crossapp\projects\crossapp-uieditor\proj.win32\release.win32\sqlmanage.obj
c:\users\renhongguang\documents\ca\crossapp\projects\crossapp-uieditor\proj.win32\release.win32\openprojects.obj
c:\users\renhongguang\documents\ca\crossapp\projects\crossapp-uieditor\proj.win32\release.win32\canvasview.obj
c:\users\renhongguang\documents\ca\crossapp\projects\crossapp-uieditor\proj.win32\release.win32\canvasscenes.obj
c:\users\renhongguang\documents\ca\crossapp\projects\crossapp-uieditor\proj.win32\release.win32\cawindowframe.obj
c:\users\renhongguang\documents\ca\crossapp\projects\crossapp-uieditor\proj.win32\release.win32\catreelistview.obj
c:\users\renhongguang\documents\ca\crossapp\projects\crossapp-uieditor\proj.win32\release.win32\catreelistitem.obj
c:\users\renhongguang\documents\ca\crossapp\projects\crossapp-uieditor\proj.win32\release.win32\catreelistcontrol.obj
c:\users\renhongguang\documents\ca\crossapp\projects\crossapp-uieditor\proj.win32\release.win32\casaturationbrightnesspicker.obj
c:\users\renhongguang\documents\ca\crossapp\projects\crossapp-uieditor\proj.win32\release.win32\camenuview.obj
c:\users\renhongguang\documents\ca\crossapp\projects\crossapp-uieditor\proj.win32\release.win32\calistmenuview.obj
c:\users\renhongguang\documents\ca\crossapp\projects\crossapp-uieditor\proj.win32\release.win32\cahuepicker.obj
c:\users\renhongguang\documents\ca\crossapp\projects\crossapp-uieditor\proj.win32\release.win32\cacolourview.obj
c:\users\renhongguang\documents\ca\crossapp\projects\crossapp-uieditor\proj.win32\release.win32\cacolourpicker.obj
c:\users\renhongguang\documents\ca\crossapp\projects\crossapp-uieditor\proj.win32\release.win32\appdelegate.obj
c:\users\renhongguang\documents\ca\crossapp\projects\crossapp-uieditor\proj.win32\release.win32\main.obj
c:\users\renhongguang\documents\ca\crossapp\projects\crossapp-uieditor\proj.win32\release.win32\tempclass.obj
c:\users\renhongguang\documents\ca\crossapp\projects\crossapp-uieditor\proj.win32\release.win32\tools.obj
c:\users\renhongguang\documents\ca\crossapp\projects\crossapp-uieditor\proj.win32\release.win32\uiedit.lib
c:\users\renhongguang\documents\ca\crossapp\projects\crossapp-uieditor\proj.win32\release.win32\uiedit.exp
c:\users\renhongguang\documents\ca\crossapp\projects\crossapp-uieditor\proj.win32\release.win32\libcocosdenshion.exp
c:\users\renhongguang\documents\ca\crossapp\projects\crossapp-uieditor\proj.win32\release.win32\libcrossapp.exp
c:\users\renhongguang\documents\ca\crossapp\projects\crossapp-uieditor\proj.win32\release.win32\libcocosdenshion.pdb
c:\users\renhongguang\documents\ca\crossapp\projects\crossapp-uieditor\proj.win32\release.win32\libcrossapp.pdb
c:\users\renhongguang\documents\ca\crossapp\projects\crossapp-uieditor\proj.win32\release.win32\uiedit.pdb
c:\users\renhongguang\documents\ca\crossapp\projects\crossapp-uieditor\proj.win32\release.win32\uiedit.tlog\cl.command.1.tlog
c:\users\renhongguang\documents\ca\crossapp\projects\crossapp-uieditor\proj.win32\release.win32\uiedit.tlog\cl.read.1.tlog
c:\users\renhongguang\documents\ca\crossapp\projects\crossapp-uieditor\proj.win32\release.win32\uiedit.tlog\cl.write.1.tlog
c:\users\renhongguang\documents\ca\crossapp\projects\crossapp-uieditor\proj.win32\release.win32\uiedit.tlog\link.command.1.tlog
c:\users\renhongguang\documents\ca\crossapp\projects\crossapp-uieditor\proj.win32\release.win32\uiedit.tlog\link.read.1.tlog
c:\users\renhongguang\documents\ca\crossapp\projects\crossapp-uieditor\proj.win32\release.win32\uiedit.tlog\link.write.1.tlog
c:\users\renhongguang\documents\ca\crossapp\projects\crossapp-uieditor\proj.win32\release.win32\uiedit.tlog\uiedit.write.1u.tlog
